<html>
<head>
<title>TestNG:  Safari browser tests</title>
<link href="../testng.css" rel="stylesheet" type="text/css" />
<link href="../my-testng.css" rel="stylesheet" type="text/css" />

<style type="text/css">
.log { display: none;} 
.stack-trace { display: none;} 
</style>
<script type="text/javascript">
<!--
function flip(e) {
  current = e.style.display;
  if (current == 'block') {
    e.style.display = 'none';
    return 0;
  }
  else {
    e.style.display = 'block';
    return 1;
  }
}

function toggleBox(szDivId, elem, msg1, msg2)
{
  var res = -1;  if (document.getElementById) {
    res = flip(document.getElementById(szDivId));
  }
  else if (document.all) {
    // this is the way old msie versions work
    res = flip(document.all[szDivId]);
  }
  if(elem) {
    if(res == 0) elem.innerHTML = msg1; else elem.innerHTML = msg2;
  }

}

function toggleAllBoxes() {
  if (document.getElementsByTagName) {
    d = document.getElementsByTagName('div');
    for (i = 0; i < d.length; i++) {
      if (d[i].className == 'log') {
        flip(d[i]);
      }
    }
  }
}

// -->
</script>

</head>
<body>
<h2 align='center'>Safari browser tests</h2><table border='1' align="center">
<tr>
<td>Tests passed/Failed/Skipped:</td><td>7/0/0</td>
</tr><tr>
<td>Started on:</td><td>Mon Nov 13 21:29:58 EST 2023</td>
</tr>
<tr><td>Total time:</td><td>0 seconds (49 ms)</td>
</tr><tr>
<td>Included groups:</td><td></td>
</tr><tr>
<td>Excluded groups:</td><td></td>
</tr>
</table><p/>
<small><i>(Hover the method name to see the test class name)</i></small><p/>
<table width='100%' border='1' class='invocation-passed'>
<tr><td colspan='4' align='center'><b>PASSED TESTS</b></td></tr>
<tr><td><b>Test method</b></td>
<td><b>Attribute(s)</b></td>
<td width="30%"><b>Exception</b></td>
<td width="10%"><b>Time (seconds)</b></td>
<td><b>Instance</b></td>
</tr>
<tr>
<td title='com.demo.tests.DemoTests.dpTest()'><b>dpTest</b><br>Test class: com.demo.tests.DemoTests<br>Parameters: hello</td>
<td></td>
<td>0</td>
<td>com.demo.tests.DemoTests@7671cb68</td></tr>
<tr>
<td title='com.demo.tests.DemoTests.dpTest()'><b>dpTest</b><br>Test class: com.demo.tests.DemoTests<br>Parameters: there</td>
<td></td>
<td>0</td>
<td>com.demo.tests.DemoTests@7671cb68</td></tr>
<tr>
<td title='com.demo.tests.DemoTests.test1()'><b>test1</b><br>Test class: com.demo.tests.DemoTests</td>
<td></td>
<td>0</td>
<td>com.demo.tests.DemoTests@7671cb68</td></tr>
<tr>
<td title='com.demo.tests.DemoTests.testException()'><b>testException</b><br>Test class: com.demo.tests.DemoTests</td>
<td><div><pre>java.lang.ArithmeticException: / by zero
	at com.demo.tests.DemoTests.testException(DemoTests.java:58)
	at java.base/java.util.concurrent.ThreadPoolExecutor.runWorker(ThreadPoolExecutor.java:1128)
	at java.base/java.util.concurrent.ThreadPoolExecutor$Worker.run(ThreadPoolExecutor.java:628)
	at java.base/java.lang.Thread.run(Thread.java:829)
... Removed 12 stack frames</pre></div><a href='#' onClick='toggleBox("stack-trace11739479", this, "Click to show all stack frames", "Click to hide stack frames")'>Click to show all stack frames</a>
<div class='stack-trace' id='stack-trace11739479'><pre>java.lang.ArithmeticException: / by zero
	at com.demo.tests.DemoTests.testException(DemoTests.java:58)
	at java.base/jdk.internal.reflect.NativeMethodAccessorImpl.invoke0(Native Method)
	at java.base/jdk.internal.reflect.NativeMethodAccessorImpl.invoke(NativeMethodAccessorImpl.java:62)
	at java.base/jdk.internal.reflect.DelegatingMethodAccessorImpl.invoke(DelegatingMethodAccessorImpl.java:43)
	at java.base/java.lang.reflect.Method.invoke(Method.java:566)
	at org.testng.internal.invokers.MethodInvocationHelper.invokeMethod(MethodInvocationHelper.java:139)
	at org.testng.internal.invokers.TestInvoker.invokeMethod(TestInvoker.java:664)
	at org.testng.internal.invokers.TestInvoker.invokeTestMethod(TestInvoker.java:227)
	at org.testng.internal.invokers.MethodRunner.runInSequence(MethodRunner.java:50)
	at org.testng.internal.invokers.TestInvoker$MethodInvocationAgent.invoke(TestInvoker.java:957)
	at org.testng.internal.invokers.TestInvoker.invokeTestMethods(TestInvoker.java:200)
	at org.testng.internal.invokers.TestMethodWorker.invokeTestMethods(TestMethodWorker.java:148)
	at org.testng.internal.invokers.TestMethodWorker.run(TestMethodWorker.java:128)
	at java.base/java.util.concurrent.ThreadPoolExecutor.runWorker(ThreadPoolExecutor.java:1128)
	at java.base/java.util.concurrent.ThreadPoolExecutor$Worker.run(ThreadPoolExecutor.java:628)
	at java.base/java.lang.Thread.run(Thread.java:829)
</pre></div></td>
<td>0</td>
<td>com.demo.tests.DemoTests@7671cb68</td></tr>
<tr>
<td title='com.demo.tests.DemoTests.dpTest()'><b>dpTest</b><br>Test class: com.demo.tests.DemoTests<br>Parameters: Danil</td>
<td></td>
<td>0</td>
<td>com.demo.tests.DemoTests@7671cb68</td></tr>
<tr>
<td title='com.demo.tests.DemoTests.parameterTest()'><b>parameterTest</b><br>Test class: com.demo.tests.DemoTests<br>Parameters: safari</td>
<td></td>
<td>0</td>
<td>com.demo.tests.DemoTests@7671cb68</td></tr>
<tr>
<td title='com.demo.tests.DemoTests.test2()'><b>test2</b><br>Test class: com.demo.tests.DemoTests</td>
<td></td>
<td>0</td>
<td>com.demo.tests.DemoTests@7671cb68</td></tr>
</table><p>
</body>
</html>